c:\users\phil\source\repos\datagatheringrl\build\.intermediates\release\datagatheringrl.pch
c:\users\phil\source\repos\datagatheringrl\build\.intermediates\release\vc142.pdb
c:\users\phil\source\repos\datagatheringrl\build\.intermediates\release\pch.obj
c:\users\phil\source\repos\datagatheringrl\build\.intermediates\release\imgui_widgets.obj
c:\users\phil\source\repos\datagatheringrl\build\.intermediates\release\imgui_demo.obj
c:\users\phil\source\repos\datagatheringrl\build\.intermediates\release\imgui_additions.obj
c:\users\phil\source\repos\datagatheringrl\build\.intermediates\release\imgui_rangeslider.obj
c:\users\phil\source\repos\datagatheringrl\build\.intermediates\release\imgui_timeline.obj
c:\users\phil\source\repos\datagatheringrl\build\.intermediates\release\imgui_draw.obj
c:\users\phil\source\repos\datagatheringrl\build\.intermediates\release\imgui_searchablecombo.obj
c:\users\phil\source\repos\datagatheringrl\build\.intermediates\release\imgui_impl_win32.obj
c:\users\phil\source\repos\datagatheringrl\build\.intermediates\release\imguivariouscontrols.obj
c:\users\phil\source\repos\datagatheringrl\build\.intermediates\release\imgui_impl_dx11.obj
c:\users\phil\source\repos\datagatheringrl\build\.intermediates\release\datagatheringrlgui.obj
c:\users\phil\source\repos\datagatheringrl\build\.intermediates\release\os.obj
c:\users\phil\source\repos\datagatheringrl\build\.intermediates\release\format.obj
c:\users\phil\source\repos\datagatheringrl\build\.intermediates\release\imgui.obj
c:\users\phil\source\repos\datagatheringrl\build\.intermediates\release\serialclass.obj
c:\users\phil\source\repos\datagatheringrl\build\.intermediates\release\datagatheringrl.obj
c:\users\phil\source\repos\datagatheringrl\plugins\datagatheringrl.lib
c:\users\phil\source\repos\datagatheringrl\plugins\datagatheringrl.exp
c:\users\phil\source\repos\datagatheringrl\plugins\datagatheringrl.dll
c:\users\phil\source\repos\datagatheringrl\build\.intermediates\release\datagatheringrl.ipdb
c:\users\phil\source\repos\datagatheringrl\build\.intermediates\release\datagatheringrl.iobj
c:\users\phil\source\repos\datagatheringrl\plugins\datagatheringrl.pdb
c:\users\phil\source\repos\datagatheringrl\build\.intermediates\release\datagatheringrl.res
c:\users\phil\source\repos\datagatheringrl\build\.intermediates\release\datagatheringrl.tlog\cl.command.1.tlog
c:\users\phil\source\repos\datagatheringrl\build\.intermediates\release\datagatheringrl.tlog\cl.read.1.tlog
c:\users\phil\source\repos\datagatheringrl\build\.intermediates\release\datagatheringrl.tlog\cl.write.1.tlog
c:\users\phil\source\repos\datagatheringrl\build\.intermediates\release\datagatheringrl.tlog\datagatheringrl.write.1u.tlog
c:\users\phil\source\repos\datagatheringrl\build\.intermediates\release\datagatheringrl.tlog\link.command.1.tlog
c:\users\phil\source\repos\datagatheringrl\build\.intermediates\release\datagatheringrl.tlog\link.read.1.tlog
c:\users\phil\source\repos\datagatheringrl\build\.intermediates\release\datagatheringrl.tlog\link.write.1.tlog
c:\users\phil\source\repos\datagatheringrl\build\.intermediates\release\datagatheringrl.tlog\rc.command.1.tlog
c:\users\phil\source\repos\datagatheringrl\build\.intermediates\release\datagatheringrl.tlog\rc.read.1.tlog
c:\users\phil\source\repos\datagatheringrl\build\.intermediates\release\datagatheringrl.tlog\rc.write.1.tlog
